
Showing logs for build [32mcb-kubecd-environment-pr-191-13-kt76x-1[0m stage [32mfrom-build-pack[0m and container [32mstep-credential-initializer-9nfwh[0m
{"level":"warn","ts":1585523302.743729,"logger":"fallback-logger","caller":"logging/config.go:69","msg":"Fetch GitHub commit ID from kodata failed: \"ref: refs/heads/0.8.0-**-support-backwards-incompats\" is not a valid GitHub commit ID"}
{"level":"info","ts":1585523302.7443304,"logger":"fallback-logger","caller":"creds-init/main.go:40","msg":"Credentials initialized."}

Showing logs for build [32mcb-kubecd-environment-pr-191-13-kt76x-1[0m stage [32mfrom-build-pack[0m and container [32mstep-working-dir-initializer-wbrwk[0m
{"level":"warn","ts":1585523304.1310508,"logger":"fallback-logger","caller":"logging/config.go:69","msg":"Fetch GitHub commit ID from kodata failed: open /var/run/ko/HEAD: no such file or directory"}
{"level":"info","ts":1585523304.1323507,"logger":"fallback-logger","caller":"bash/main.go:64","msg":"Successfully executed command \"sh -c mkdir -p /workspace/source\"; output "}

Showing logs for build [32mcb-kubecd-environment-pr-191-13-kt76x-1[0m stage [32mfrom-build-pack[0m and container [32mstep-place-tools[0m

Showing logs for build [32mcb-kubecd-environment-pr-191-13-kt76x-1[0m stage [32mfrom-build-pack[0m and container [32mstep-git-source-cb-kubecd-environment-pr-191-13-kt76x-rlvk8[0m
{"level":"warn","ts":1585523308.2374115,"logger":"fallback-logger","caller":"logging/config.go:69","msg":"Fetch GitHub commit ID from kodata failed: \"ref: refs/heads/0.8.0-**-support-backwards-incompats\" is not a valid GitHub commit ID"}
{"level":"info","ts":1585523309.4752715,"logger":"fallback-logger","caller":"git/git.go:103","msg":"Successfully cloned https://github.com/cb-kubecd/environment-pr-191-137-boot-gke-staging.git @ master in path /workspace/source"}

Showing logs for build [32mcb-kubecd-environment-pr-191-13-kt76x-1[0m stage [32mfrom-build-pack[0m and container [32mstep-git-merge[0m
Using SHAs from PULL_REFS=master:118ed8f3ad3ef10f290ed21f2e392781ec9fc5dd,4:0e92d28dbea7d88aabd55bfa0246aed845e82856
DEBUG: LC_ALL=C JX_LOG_LEVEL=error git fetch origin --unshallow 0e92d28dbea7d88aabd55bfa0246aed845e82856: 118ed8f3ad3ef10f290ed21f2e392781ec9fc5dd:
DEBUG: ran git fetch --unshallow origin 0e92d28dbea7d88aabd55bfa0246aed845e82856: 118ed8f3ad3ef10f290ed21f2e392781ec9fc5dd: in 
DEBUG: JX_LOG_LEVEL=error LC_ALL=C git branch
DEBUG: LC_ALL=C JX_LOG_LEVEL=error git checkout master
DEBUG: ran git checkout master in 
DEBUG: LC_ALL=C JX_LOG_LEVEL=error git reset --hard 118ed8f3ad3ef10f290ed21f2e392781ec9fc5dd
DEBUG: ran git reset --hard 118ed8f3ad3ef10f290ed21f2e392781ec9fc5dd in 
DEBUG: LC_ALL=C JX_LOG_LEVEL=error git clean -fd .
DEBUG: ran clean --force -d . in 
DEBUG: LC_ALL=C JX_LOG_LEVEL=error git merge 0e92d28dbea7d88aabd55bfa0246aed845e82856
DEBUG: ran git merge 0e92d28dbea7d88aabd55bfa0246aed845e82856 in 
DEBUG: LC_ALL=C JX_LOG_LEVEL=error git log --format=%H%x1f%an%x1f%ae%x1f%cn%x1f%ce%x1f%s%n%b%x1e 118ed8f3ad3ef10f290ed21f2e392781ec9fc5dd..HEAD
Merged SHA 0e92d28dbea7d88aabd55bfa0246aed845e82856 with commit message 'chore: Promote bdd-sbhg-1585521708 to version 0.0.1' into base branch master

Showing logs for build [32mcb-kubecd-environment-pr-191-13-kt76x-1[0m stage [32mfrom-build-pack[0m and container [32mstep-build-helm-build[0m
WARNING: No $CHART_REPOSITORY defined so using the default value of: http://jenkins-x-chartmuseum:8080
Adding missing Helm repo: storage.googleapis.com https://storage.googleapis.com/chartmuseum.jenkins-x.io
WARNING: No secrets found on "helm/repos" due: reading the secret "helm/repos" from vault: no secret "helm/repos" not found in vault
Read credentials for https://storage.googleapis.com/chartmuseum.jenkins-x.io from vault helm/repos
Successfully added Helm repository storage.googleapis.com.
Adding missing Helm repo: jenkins-x-chartmuseum http://jenkins-x-chartmuseum:8080
WARNING: No secrets found on "helm/repos" due: reading the secret "helm/repos" from vault: no secret "helm/repos" not found in vault
Read credentials for http://jenkins-x-chartmuseum:8080 from vault helm/repos
Successfully added Helm repository jenkins-x-chartmuseum.
WARNING: No $CHART_REPOSITORY defined so using the default value of: http://jenkins-x-chartmuseum:8080
Adding missing Helm repo: chartmuseum.jenkins-x.io http://chartmuseum.jenkins-x.io
WARNING: No secrets found on "helm/repos" due: reading the secret "helm/repos" from vault: no secret "helm/repos" not found in vault
Read credentials for http://chartmuseum.jenkins-x.io from vault helm/repos
Successfully added Helm repository chartmuseum.jenkins-x.io.
